<?xml version="1.0" encoding="UTF-8"?>
<testsuite xmlns:xsi="http://www.w3.org/2001/XMLSchema-instance" xsi:noNamespaceSchemaLocation="https://maven.apache.org/surefire/maven-surefire-plugin/xsd/surefire-test-report.xsd" name="testRunner.TestRunner" time="33.31" tests="4" errors="0" skipped="0" failures="3">
  <properties>
[...]
</properties>
  <testcase name="Advanced Search Link" classname="Ebay Home Page Scenarios #2" time="11.962"/>
  <testcase name="Home page links #1" classname="Ebay Home Page Scenarios #2" time="7.059">
    <failure message="page does not navigate to https://www.ebay.com/b/Auto-Parts-and-Vehicles/6000/bn_1865334" type="java.lang.AssertionError">java.lang.AssertionError: page does not navigate to https://www.ebay.com/b/Auto-Parts-and-Vehicles/6000/bn_1865334
</failure>
    <system-out><![CDATA[
@p55
Scenario Outline: Home page links                                                                                                          # features/Ebay_Home.feature:38
  Given I am on Ebay Home Page                                                                                                             # steps.EbayHome_steps.i_am_on_ebay_home_page()
  When I click on 'Motors'                                                                                                                 # steps.EbayHome_steps.i_click_on(java.lang.String)
  Then I validate that page navigates to 'https://www.ebay.com/b/Auto-Parts-and-Vehicles/6000/bn_1865334' and title contains 'ebay motors' # steps.EbayHome_steps.i_validate_that_page_navigates_to_and_page_contains_ebay_motors(java.lang.String,java.lang.String)
      java.lang.AssertionError: page does not navigate to https://www.ebay.com/b/Auto-Parts-and-Vehicles/6000/bn_1865334
	at org.junit.Assert.fail(Assert.java:89)
	at steps.EbayHome_steps.i_validate_that_page_navigates_to_and_page_contains_ebay_motors(EbayHome_steps.java:112)
	at âœ½.I validate that page navigates to 'https://www.ebay.com/b/Auto-Parts-and-Vehicles/6000/bn_1865334' and title contains 'ebay motors'(file:///C:/Users/DELL/eclipse-workspace/cucumber1/features/Ebay_Home.feature:34)


    Embedding Home page links [image/png 292426 bytes]

]]></system-out>
    <system-err><![CDATA[Starting Microsoft Edge WebDriver 129.0.2792.52 (6462e8fc16ec8b62bef06801adff3cbeccd6a7d4) on port 21449
To submit feedback, report a bug, or suggest new features, please visit https://github.com/MicrosoftEdge/EdgeWebDriver

Only local connections are allowed.
Please see https://aka.ms/WebDriverSecurity for suggestions on keeping Microsoft Edge WebDriver safe.

Microsoft Edge WebDriver was started successfully.
msedgedriver was started successfully on port 21449.
Sep 27, 2024 11:57:04 AM org.openqa.selenium.devtools.CdpVersionFinder findNearestMatch
WARNING: Unable to find CDP implementation matching 129
Sep 27, 2024 11:57:04 AM org.openqa.selenium.chromium.ChromiumDriver lambda$new$3
WARNING: Unable to find version of CDP to use for . You may need to include a dependency on a specific version of the CDP using something similar to `org.seleniumhq.selenium:selenium-devtools-v86:4.9.1` where the version ("v86") matches the version of the chromium-based browser you're using and the version number of the artifact is the same as Selenium's.
]]></system-err>
  </testcase>
  <testcase name="Home page links #2" classname="Ebay Home Page Scenarios #2" time="6.459">
    <failure message="page does not navigate to https://www.ebay.com/b/Electronics/bn_7000259124" type="java.lang.AssertionError">java.lang.AssertionError: page does not navigate to https://www.ebay.com/b/Electronics/bn_7000259124
</failure>
    <system-out><![CDATA[
@p55
Scenario Outline: Home page links                                                                                            # features/Ebay_Home.feature:39
  Given I am on Ebay Home Page                                                                                               # steps.EbayHome_steps.i_am_on_ebay_home_page()
  When I click on 'Electronics'                                                                                              # steps.EbayHome_steps.i_click_on(java.lang.String)
  Then I validate that page navigates to 'https://www.ebay.com/b/Electronics/bn_7000259124' and title contains 'Electronics' # steps.EbayHome_steps.i_validate_that_page_navigates_to_and_page_contains_ebay_motors(java.lang.String,java.lang.String)
      java.lang.AssertionError: page does not navigate to https://www.ebay.com/b/Electronics/bn_7000259124
	at org.junit.Assert.fail(Assert.java:89)
	at steps.EbayHome_steps.i_validate_that_page_navigates_to_and_page_contains_ebay_motors(EbayHome_steps.java:112)
	at âœ½.I validate that page navigates to 'https://www.ebay.com/b/Electronics/bn_7000259124' and title contains 'Electronics'(file:///C:/Users/DELL/eclipse-workspace/cucumber1/features/Ebay_Home.feature:34)


    Embedding Home page links [image/png 292426 bytes]

]]></system-out>
    <system-err><![CDATA[Starting Microsoft Edge WebDriver 129.0.2792.52 (6462e8fc16ec8b62bef06801adff3cbeccd6a7d4) on port 24244
To submit feedback, report a bug, or suggest new features, please visit https://github.com/MicrosoftEdge/EdgeWebDriver

Only local connections are allowed.
Please see https://aka.ms/WebDriverSecurity for suggestions on keeping Microsoft Edge WebDriver safe.

Microsoft Edge WebDriver was started successfully.
msedgedriver was started successfully on port 24244.
Sep 27, 2024 11:57:10 AM org.openqa.selenium.devtools.CdpVersionFinder findNearestMatch
WARNING: Unable to find CDP implementation matching 129
Sep 27, 2024 11:57:10 AM org.openqa.selenium.chromium.ChromiumDriver lambda$new$3
WARNING: Unable to find version of CDP to use for . You may need to include a dependency on a specific version of the CDP using something similar to `org.seleniumhq.selenium:selenium-devtools-v86:4.9.1` where the version ("v86") matches the version of the chromium-based browser you're using and the version number of the artifact is the same as Selenium's.
]]></system-err>
  </testcase>
  <testcase name="Home page links #3" classname="Ebay Home Page Scenarios #2" time="6.271">
    <failure message="page does not navigate to https://www.ebay.com/b/Clothing-Shoes-Accessories/11450/bn_1852545" type="java.lang.AssertionError">java.lang.AssertionError: page does not navigate to https://www.ebay.com/b/Clothing-Shoes-Accessories/11450/bn_1852545
</failure>
    <system-out><![CDATA[
@p55
Scenario Outline: Home page links                                                                                                          # features/Ebay_Home.feature:40
  Given I am on Ebay Home Page                                                                                                             # steps.EbayHome_steps.i_am_on_ebay_home_page()
  When I click on 'Fashion'                                                                                                                # steps.EbayHome_steps.i_click_on(java.lang.String)
  Then I validate that page navigates to 'https://www.ebay.com/b/Clothing-Shoes-Accessories/11450/bn_1852545' and title contains 'Fashion' # steps.EbayHome_steps.i_validate_that_page_navigates_to_and_page_contains_ebay_motors(java.lang.String,java.lang.String)
      java.lang.AssertionError: page does not navigate to https://www.ebay.com/b/Clothing-Shoes-Accessories/11450/bn_1852545
	at org.junit.Assert.fail(Assert.java:89)
	at steps.EbayHome_steps.i_validate_that_page_navigates_to_and_page_contains_ebay_motors(EbayHome_steps.java:112)
	at âœ½.I validate that page navigates to 'https://www.ebay.com/b/Clothing-Shoes-Accessories/11450/bn_1852545' and title contains 'Fashion'(file:///C:/Users/DELL/eclipse-workspace/cucumber1/features/Ebay_Home.feature:34)


    Embedding Home page links [image/png 292426 bytes]

]]></system-out>
    <system-err><![CDATA[Starting Microsoft Edge WebDriver 129.0.2792.52 (6462e8fc16ec8b62bef06801adff3cbeccd6a7d4) on port 10060
To submit feedback, report a bug, or suggest new features, please visit https://github.com/MicrosoftEdge/EdgeWebDriver

Only local connections are allowed.
Please see https://aka.ms/WebDriverSecurity for suggestions on keeping Microsoft Edge WebDriver safe.

Microsoft Edge WebDriver was started successfully.
msedgedriver was started successfully on port 10060.
Sep 27, 2024 11:57:17 AM org.openqa.selenium.devtools.CdpVersionFinder findNearestMatch
WARNING: Unable to find CDP implementation matching 129
Sep 27, 2024 11:57:17 AM org.openqa.selenium.chromium.ChromiumDriver lambda$new$3
WARNING: Unable to find version of CDP to use for . You may need to include a dependency on a specific version of the CDP using something similar to `org.seleniumhq.selenium:selenium-devtools-v86:4.9.1` where the version ("v86") matches the version of the chromium-based browser you're using and the version number of the artifact is the same as Selenium's.
]]></system-err>
  </testcase>
</testsuite>